{"C:\\estudos\\projeto-tdd\\node-api\\src\\presentation\\controllers\\SignUp.ts": {"path":"C:\\estudos\\projeto-tdd\\node-api\\src\\presentation\\controllers\\SignUp.ts","all":false,"statementMap":{"0":{"start":{"line":1,"column":0},"end":{"line":1,"column":55}},"1":{"start":{"line":2,"column":0},"end":{"line":2,"column":60}},"2":{"start":{"line":3,"column":0},"end":{"line":3,"column":64}},"3":{"start":{"line":4,"column":0},"end":{"line":4,"column":52}},"4":{"start":{"line":5,"column":0},"end":{"line":5,"column":0}},"5":{"start":{"line":6,"column":0},"end":{"line":6,"column":53}},"6":{"start":{"line":7,"column":0},"end":{"line":7,"column":49}},"7":{"start":{"line":8,"column":0},"end":{"line":8,"column":81}},"8":{"start":{"line":9,"column":0},"end":{"line":9,"column":0}},"9":{"start":{"line":10,"column":0},"end":{"line":10,"column":39}},"10":{"start":{"line":11,"column":0},"end":{"line":11,"column":35}},"11":{"start":{"line":12,"column":0},"end":{"line":12,"column":56}},"12":{"start":{"line":13,"column":0},"end":{"line":13,"column":7}},"13":{"start":{"line":14,"column":0},"end":{"line":14,"column":5}},"14":{"start":{"line":15,"column":0},"end":{"line":15,"column":3}},"15":{"start":{"line":16,"column":0},"end":{"line":16,"column":1}}},"s":{"0":1,"1":1,"2":1,"3":1,"4":1,"5":1,"6":1,"7":5,"8":5,"9":5,"10":14,"11":4,"12":4,"13":14,"14":1,"15":1},"branchMap":{"0":{"type":"branch","line":7,"loc":{"start":{"line":7,"column":2},"end":{"line":15,"column":3}},"locations":[{"start":{"line":7,"column":2},"end":{"line":15,"column":3}}]},"1":{"type":"branch","line":10,"loc":{"start":{"line":10,"column":38},"end":{"line":14,"column":5}},"locations":[{"start":{"line":10,"column":38},"end":{"line":14,"column":5}}]},"2":{"type":"branch","line":11,"loc":{"start":{"line":11,"column":34},"end":{"line":13,"column":7}},"locations":[{"start":{"line":11,"column":34},"end":{"line":13,"column":7}}]},"3":{"type":"branch","line":15,"loc":{"start":{"line":15,"column":-2},"end":{"line":15,"column":3}},"locations":[{"start":{"line":15,"column":-2},"end":{"line":15,"column":3}}]}},"b":{"0":[5],"1":[14],"2":[4],"3":[1]},"fnMap":{"0":{"name":"handle","decl":{"start":{"line":7,"column":2},"end":{"line":15,"column":3}},"loc":{"start":{"line":7,"column":2},"end":{"line":15,"column":3}},"line":7}},"f":{"0":5}}
,"C:\\estudos\\projeto-tdd\\node-api\\src\\presentation\\errors\\invalid-param-error.ts": {"path":"C:\\estudos\\projeto-tdd\\node-api\\src\\presentation\\errors\\invalid-param-error.ts","all":false,"statementMap":{"0":{"start":{"line":1,"column":0},"end":{"line":1,"column":46}},"1":{"start":{"line":2,"column":0},"end":{"line":2,"column":0}},"2":{"start":{"line":3,"column":0},"end":{"line":3,"column":33}},"3":{"start":{"line":4,"column":0},"end":{"line":4,"column":46}},"4":{"start":{"line":5,"column":0},"end":{"line":5,"column":36}},"5":{"start":{"line":6,"column":0},"end":{"line":6,"column":3}},"6":{"start":{"line":7,"column":0},"end":{"line":7,"column":1}}},"s":{"0":1,"1":1,"2":1,"3":0,"4":0,"5":0,"6":1},"branchMap":{},"b":{},"fnMap":{"0":{"name":"InvalidParamError","decl":{"start":{"line":3,"column":2},"end":{"line":6,"column":3}},"loc":{"start":{"line":3,"column":2},"end":{"line":6,"column":3}},"line":3}},"f":{"0":0}}
,"C:\\estudos\\projeto-tdd\\node-api\\src\\presentation\\errors\\missing-param-error.ts": {"path":"C:\\estudos\\projeto-tdd\\node-api\\src\\presentation\\errors\\missing-param-error.ts","all":false,"statementMap":{"0":{"start":{"line":1,"column":0},"end":{"line":1,"column":46}},"1":{"start":{"line":2,"column":0},"end":{"line":2,"column":0}},"2":{"start":{"line":3,"column":0},"end":{"line":3,"column":33}},"3":{"start":{"line":4,"column":0},"end":{"line":4,"column":46}},"4":{"start":{"line":5,"column":0},"end":{"line":5,"column":31}},"5":{"start":{"line":6,"column":0},"end":{"line":6,"column":3}},"6":{"start":{"line":7,"column":0},"end":{"line":7,"column":1}}},"s":{"0":1,"1":1,"2":1,"3":8,"4":8,"5":8,"6":1},"branchMap":{"0":{"type":"branch","line":3,"loc":{"start":{"line":3,"column":2},"end":{"line":6,"column":3}},"locations":[{"start":{"line":3,"column":2},"end":{"line":6,"column":3}}]}},"b":{"0":[8]},"fnMap":{"0":{"name":"MissingParamError","decl":{"start":{"line":3,"column":2},"end":{"line":6,"column":3}},"loc":{"start":{"line":3,"column":2},"end":{"line":6,"column":3}},"line":3}},"f":{"0":8}}
}
