{"C:\\estudos\\projeto-tdd\\node-api\\src\\presentation\\controllers\\SignUp.ts": {"path":"C:\\estudos\\projeto-tdd\\node-api\\src\\presentation\\controllers\\SignUp.ts","all":false,"statementMap":{"0":{"start":{"line":1,"column":0},"end":{"line":1,"column":60}},"1":{"start":{"line":2,"column":0},"end":{"line":2,"column":64}},"2":{"start":{"line":3,"column":0},"end":{"line":3,"column":52}},"3":{"start":{"line":4,"column":0},"end":{"line":4,"column":0}},"4":{"start":{"line":5,"column":0},"end":{"line":5,"column":30}},"5":{"start":{"line":6,"column":0},"end":{"line":6,"column":49}},"6":{"start":{"line":7,"column":0},"end":{"line":7,"column":45}},"7":{"start":{"line":8,"column":0},"end":{"line":8,"column":0}},"8":{"start":{"line":9,"column":0},"end":{"line":9,"column":39}},"9":{"start":{"line":10,"column":0},"end":{"line":10,"column":35}},"10":{"start":{"line":11,"column":0},"end":{"line":11,"column":56}},"11":{"start":{"line":12,"column":0},"end":{"line":12,"column":7}},"12":{"start":{"line":13,"column":0},"end":{"line":13,"column":5}},"13":{"start":{"line":14,"column":0},"end":{"line":14,"column":3}},"14":{"start":{"line":15,"column":0},"end":{"line":15,"column":1}}},"s":{"0":1,"1":1,"2":1,"3":1,"4":1,"5":1,"6":2,"7":2,"8":2,"9":3,"10":2,"11":2,"12":3,"13":0,"14":1},"branchMap":{"0":{"type":"branch","line":6,"loc":{"start":{"line":6,"column":2},"end":{"line":14,"column":3}},"locations":[{"start":{"line":6,"column":2},"end":{"line":14,"column":3}}]},"1":{"type":"branch","line":9,"loc":{"start":{"line":9,"column":38},"end":{"line":13,"column":5}},"locations":[{"start":{"line":9,"column":38},"end":{"line":13,"column":5}}]},"2":{"type":"branch","line":10,"loc":{"start":{"line":10,"column":34},"end":{"line":12,"column":7}},"locations":[{"start":{"line":10,"column":34},"end":{"line":12,"column":7}}]},"3":{"type":"branch","line":14,"loc":{"start":{"line":14,"column":-2},"end":{"line":14,"column":3}},"locations":[{"start":{"line":14,"column":-2},"end":{"line":14,"column":3}}]}},"b":{"0":[2],"1":[3],"2":[2],"3":[0]},"fnMap":{"0":{"name":"handle","decl":{"start":{"line":6,"column":2},"end":{"line":14,"column":3}},"loc":{"start":{"line":6,"column":2},"end":{"line":14,"column":3}},"line":6}},"f":{"0":2}}
}
