TN:
SF:src\presentation\controllers\SignUp.ts
FN:6,handle
FNF:1
FNH:1
FNDA:4,handle
DA:1,1
DA:2,1
DA:3,1
DA:4,1
DA:5,1
DA:6,1
DA:7,4
DA:8,4
DA:9,4
DA:10,10
DA:11,4
DA:12,4
DA:13,10
DA:14,0
DA:15,1
LF:15
LH:14
BRDA:6,0,0,4
BRDA:9,1,0,10
BRDA:10,2,0,4
BRDA:14,3,0,0
BRF:4
BRH:3
end_of_record
TN:
SF:src\presentation\errors\missing-param-error.ts
FN:3,MissingParamError
FNF:1
FNH:1
FNDA:8,MissingParamError
DA:1,1
DA:2,1
DA:3,1
DA:4,8
DA:5,8
DA:6,8
DA:7,1
LF:7
LH:7
BRDA:3,0,0,8
BRF:1
BRH:1
end_of_record
