TN:
SF:src\presentation\controllers\SignUp.ts
FN:7,handle
FNF:1
FNH:1
FNDA:5,handle
DA:1,1
DA:2,1
DA:3,1
DA:4,1
DA:5,1
DA:6,1
DA:7,1
DA:8,5
DA:9,5
DA:10,5
DA:11,14
DA:12,4
DA:13,4
DA:14,14
DA:15,1
DA:16,1
LF:16
LH:16
BRDA:7,0,0,5
BRDA:10,1,0,14
BRDA:11,2,0,4
BRDA:15,3,0,1
BRF:4
BRH:4
end_of_record
TN:
SF:src\presentation\errors\invalid-param-error.ts
FN:3,InvalidParamError
FNF:1
FNH:0
FNDA:0,InvalidParamError
DA:1,1
DA:2,1
DA:3,1
DA:4,0
DA:5,0
DA:6,0
DA:7,1
LF:7
LH:4
BRF:0
BRH:0
end_of_record
TN:
SF:src\presentation\errors\missing-param-error.ts
FN:3,MissingParamError
FNF:1
FNH:1
FNDA:8,MissingParamError
DA:1,1
DA:2,1
DA:3,1
DA:4,8
DA:5,8
DA:6,8
DA:7,1
LF:7
LH:7
BRDA:3,0,0,8
BRF:1
BRH:1
end_of_record
